2025-06-08T06:54:07.444Z [WARN] [RemotePiping]: Could not create RTP observer for router d4b5b322-956a-4947-8e63-ebcef3453253
2025-06-08T06:54:07.477Z [WARN] [RemotePiping]: Could not create RTP observer for router d4b5b322-956a-4947-8e63-ebcef3453253
2025-06-08T06:54:11.021Z [WARN] [RemotePiping]: Could not create RTP observer for router d4b5b322-956a-4947-8e63-ebcef3453253
2025-06-08T06:54:11.090Z [WARN] [RemotePiping]: Could not create RTP observer for router d4b5b322-956a-4947-8e63-ebcef3453253
2025-06-08T06:57:38.390Z [WARN] [RemotePiping]: Could not create RTP observer for router 20e83e60-57fb-4b8b-933f-acb20afe129f
2025-06-08T06:57:38.406Z [WARN] [RemotePiping]: Could not create RTP observer for router 20e83e60-57fb-4b8b-933f-acb20afe129f
2025-06-08T07:03:27.321Z [WARN] [RemotePiping]: [Source] PipeConsumer 07de5d8c-8899-4307-916c-2c565437e597 closed.
2025-06-08T07:03:27.321Z [WARN] [RemotePiping]: [Source] PipeTransport 191f2409-6041-4a04-94d7-e98811543ca3 (corrId: c521450e-8171-49d5-9d8c-c35cabb56121) closed.
2025-06-08T07:03:27.353Z [WARN] [RemotePiping]: [Source] PipeConsumer eaeea312-c43a-45e0-bd2c-df4138770522 closed.
2025-06-08T07:03:27.354Z [WARN] [RemotePiping]: [Source] PipeTransport eb7df1e6-cfac-41a1-b7d9-029d302a13e6 (corrId: 68db52e1-1944-402b-b087-05cbbaf03984) closed.
2025-06-08T08:06:10.613Z [WARN] [RemotePiping]: Could not create RTP observer for router 2531e644-c8b1-4e88-96be-e9da49430da1
2025-06-08T08:06:10.646Z [WARN] [RemotePiping]: Could not create RTP observer for router 2531e644-c8b1-4e88-96be-e9da49430da1
2025-06-08T08:07:11.329Z [ERROR] [RemotePiping]: [Source] Pipe request 2c369d92-3caf-4f19-a70a-c24f2a01241c timed out after 30000ms.
2025-06-08T08:07:11.330Z [WARN] [RemotePiping]: [Source] Closing PipeTransport c83411b6-c612-4699-984e-67c7be868eec due to timeout for 2c369d92-3caf-4f19-a70a-c24f2a01241c.
2025-06-08T08:07:11.331Z [WARN] [RemotePiping]: [Source] PipeTransport c83411b6-c612-4699-984e-67c7be868eec (corrId: 2c369d92-3caf-4f19-a70a-c24f2a01241c) closed.
2025-06-08T08:07:11.331Z [ERROR] [RemotePiping]: [Source] Error in pipeToRemoteRouter for corrId 2c369d92-3caf-4f19-a70a-c24f2a01241c: Pipe operation timed out for 2c369d92-3caf-4f19-a70a-c24f2a01241c after 30000ms
2025-06-08T08:07:11.407Z [ERROR] [RemotePiping]: [Source] Pipe request 22e75911-25bc-4390-a23d-348ce7ab62be timed out after 30000ms.
2025-06-08T08:07:11.408Z [WARN] [RemotePiping]: [Source] Closing PipeTransport 26b0acbc-18f0-433a-9951-a9f498f9e65f due to timeout for 22e75911-25bc-4390-a23d-348ce7ab62be.
2025-06-08T08:07:11.409Z [WARN] [RemotePiping]: [Source] PipeTransport 26b0acbc-18f0-433a-9951-a9f498f9e65f (corrId: 22e75911-25bc-4390-a23d-348ce7ab62be) closed.
2025-06-08T08:07:11.409Z [ERROR] [RemotePiping]: [Source] Error in pipeToRemoteRouter for corrId 22e75911-25bc-4390-a23d-348ce7ab62be: Pipe operation timed out for 22e75911-25bc-4390-a23d-348ce7ab62be after 30000ms
2025-06-08T08:12:35.679Z [WARN] [RemotePiping]: Could not create RTP observer for router a66e7928-cedd-4898-aad0-e0fdfcc63045
2025-06-08T08:12:35.724Z [WARN] [RemotePiping]: Could not create RTP observer for router a66e7928-cedd-4898-aad0-e0fdfcc63045
2025-06-08T08:12:44.303Z [WARN] [RemotePiping]: Could not create RTP observer for router a66e7928-cedd-4898-aad0-e0fdfcc63045
2025-06-08T08:12:44.438Z [WARN] [RemotePiping]: Could not create RTP observer for router a66e7928-cedd-4898-aad0-e0fdfcc63045
2025-06-08T08:14:42.946Z [WARN] [RemotePiping]: Could not create RTP observer for router aeef30f7-a9ae-4f94-aba4-ab9f03d68f43
2025-06-08T08:14:42.949Z [WARN] [RemotePiping]: Could not create RTP observer for router aeef30f7-a9ae-4f94-aba4-ab9f03d68f43
2025-06-08T08:14:42.949Z [WARN] [RemotePiping]: Could not create RTP observer for router aeef30f7-a9ae-4f94-aba4-ab9f03d68f43
2025-06-08T08:14:42.949Z [WARN] [RemotePiping]: Could not create RTP observer for router aeef30f7-a9ae-4f94-aba4-ab9f03d68f43
2025-06-08T08:14:46.332Z [WARN] [RemotePiping]: [Source] PipeConsumer f7fcf610-6255-461d-a40b-8f9a959a4c6a closed.
2025-06-08T08:14:46.333Z [WARN] [RemotePiping]: [Source] PipeTransport 0d2c1a43-5132-4e5f-ae8c-a39d0dcef7ad (corrId: 5e0c256a-40c0-4b4d-85c9-73f235ad20e4) closed.
2025-06-08T08:14:46.334Z [WARN] [RemotePiping]: [Source] PipeConsumer 90656d11-87d8-4e54-88c4-e84df9b34da7 closed.
2025-06-08T08:14:46.334Z [WARN] [RemotePiping]: [Source] PipeTransport 2494a4e7-cde8-4c3e-8272-853dbb6d3b10 (corrId: a50f5d1b-1ac1-4d17-813a-c85295e33ced) closed.
2025-06-08T08:14:47.352Z [WARN] [RemotePiping]: Could not create RTP observer for router aeef30f7-a9ae-4f94-aba4-ab9f03d68f43
2025-06-08T08:14:47.389Z [WARN] [RemotePiping]: Could not create RTP observer for router aeef30f7-a9ae-4f94-aba4-ab9f03d68f43
2025-06-08T08:14:47.988Z [WARN] [RemotePiping]: [Source] PipeConsumer 1771f5f7-ce23-49b7-94cd-2074c0a15659 closed.
2025-06-08T08:14:47.988Z [WARN] [RemotePiping]: [Source] PipeTransport 06ee4815-1643-4791-b1f5-37aa90278e18 (corrId: 74f3a87c-63c9-4cef-baa7-d0a5e5775864) closed.
2025-06-08T08:14:47.988Z [WARN] [RemotePiping]: [Source] PipeConsumer c1167699-bd56-49d6-976e-68d547d44998 closed.
2025-06-08T08:14:47.989Z [WARN] [RemotePiping]: [Source] PipeTransport 0e22d6a1-1870-4180-b14d-5db2ff688ea3 (corrId: b0df272e-2534-48d1-9db9-06633947b00a) closed.
2025-06-08T08:14:49.468Z [WARN] [RemotePiping]: Could not create RTP observer for router aeef30f7-a9ae-4f94-aba4-ab9f03d68f43
2025-06-08T08:14:49.505Z [WARN] [RemotePiping]: Could not create RTP observer for router aeef30f7-a9ae-4f94-aba4-ab9f03d68f43
2025-06-08T08:17:02.321Z [WARN] [RemotePiping]: Could not create RTP observer for router 9e65ffaf-fd54-4d20-a3ba-2de15d36dd0c
2025-06-08T08:17:02.348Z [WARN] [RemotePiping]: Could not create RTP observer for router 9e65ffaf-fd54-4d20-a3ba-2de15d36dd0c
2025-06-08T08:17:04.083Z [WARN] [RemotePiping]: Could not create RTP observer for router 9e65ffaf-fd54-4d20-a3ba-2de15d36dd0c
2025-06-08T08:17:04.146Z [WARN] [RemotePiping]: Could not create RTP observer for router 9e65ffaf-fd54-4d20-a3ba-2de15d36dd0c
2025-06-08T08:28:08.319Z [WARN] [RemotePiping]: Could not create RTP observer for router af635143-23f9-4cde-a2e6-22f3689b874f
2025-06-08T08:28:08.322Z [WARN] [RemotePiping]: Could not create RTP observer for router af635143-23f9-4cde-a2e6-22f3689b874f
2025-06-08T08:28:08.322Z [WARN] [RemotePiping]: Could not create RTP observer for router af635143-23f9-4cde-a2e6-22f3689b874f
2025-06-08T08:28:08.323Z [WARN] [RemotePiping]: Could not create RTP observer for router af635143-23f9-4cde-a2e6-22f3689b874f
2025-06-08T08:28:13.231Z [WARN] [RemotePiping]: [Source] PipeConsumer 11513921-b21d-41a9-8eb5-a57b9d5eac03 closed.
2025-06-08T08:28:13.232Z [WARN] [RemotePiping]: [Source] PipeTransport d951d736-eceb-4637-a7eb-6a709b98395f (corrId: 393dfe4c-1be7-4701-8a73-6c1f99c030a4) closed.
2025-06-08T08:28:13.233Z [WARN] [RemotePiping]: [Source] PipeConsumer 3b777ed4-20e3-498b-9a70-9913f4d79eba closed.
2025-06-08T08:28:13.233Z [WARN] [RemotePiping]: [Source] PipeTransport 31162853-4cdf-4889-b2c3-aa2c646d3bae (corrId: cd1c8f1d-1413-4cf4-af87-5911f02eb720) closed.
2025-06-08T08:28:13.853Z [WARN] [RemotePiping]: [Source] PipeConsumer f9cfe518-bbb0-444a-aff1-b35e77c595a3 closed.
2025-06-08T08:28:13.854Z [WARN] [RemotePiping]: [Source] PipeTransport 7329c7f3-bb2a-460b-9a8c-133e9fdda157 (corrId: 422b95fe-2cc7-4221-9096-d01a320ce46b) closed.
2025-06-08T08:28:13.854Z [WARN] [RemotePiping]: [Source] PipeConsumer 52c0f29a-f63a-4fd3-b28e-b7c768ef975e closed.
2025-06-08T08:28:13.855Z [WARN] [RemotePiping]: [Source] PipeTransport ae6bce8e-40c2-4bcc-8e0a-b7f1ed084c1c (corrId: 8d2a82b6-1e88-47da-b8b7-d1eed4a9af3c) closed.
2025-06-08T08:28:14.767Z [WARN] [RemotePiping]: Could not create RTP observer for router af635143-23f9-4cde-a2e6-22f3689b874f
2025-06-08T08:28:14.804Z [WARN] [RemotePiping]: Could not create RTP observer for router af635143-23f9-4cde-a2e6-22f3689b874f
2025-06-08T08:28:15.778Z [WARN] [RemotePiping]: Could not create RTP observer for router af635143-23f9-4cde-a2e6-22f3689b874f
2025-06-08T08:28:15.839Z [WARN] [RemotePiping]: Could not create RTP observer for router af635143-23f9-4cde-a2e6-22f3689b874f
2025-06-08T08:31:53.893Z [WARN] [RemotePiping]: Could not create RTP observer for router 732d03f4-54c0-414c-aeea-23770ff7a84a
2025-06-08T08:31:53.896Z [WARN] [RemotePiping]: Could not create RTP observer for router 732d03f4-54c0-414c-aeea-23770ff7a84a
2025-06-08T08:31:54.681Z [WARN] [RemotePiping]: Could not create RTP observer for router 732d03f4-54c0-414c-aeea-23770ff7a84a
2025-06-08T08:31:54.753Z [WARN] [RemotePiping]: Could not create RTP observer for router 732d03f4-54c0-414c-aeea-23770ff7a84a
2025-06-08T08:32:56.123Z [WARN] [RemotePiping]: Could not create RTP observer for router 708b960f-e63b-4ef8-9982-9f80aa07b25e
2025-06-08T08:32:56.126Z [WARN] [RemotePiping]: Could not create RTP observer for router 708b960f-e63b-4ef8-9982-9f80aa07b25e
2025-06-08T08:32:56.126Z [WARN] [RemotePiping]: Could not create RTP observer for router 708b960f-e63b-4ef8-9982-9f80aa07b25e
2025-06-08T08:32:56.127Z [WARN] [RemotePiping]: Could not create RTP observer for router 708b960f-e63b-4ef8-9982-9f80aa07b25e
2025-06-08T08:33:10.720Z [WARN] [RemotePiping]: [Source] PipeConsumer b88fb318-0f2d-419c-ae46-4b9eec670339 closed.
2025-06-08T08:33:10.720Z [WARN] [RemotePiping]: [Source] PipeTransport 60f0fdc0-637d-441f-aa92-0d3985f1e122 (corrId: e71210b2-2e0a-4365-9327-701781a06f52) closed.
2025-06-08T08:33:10.722Z [WARN] [RemotePiping]: [Source] PipeConsumer bf655a8d-373f-4ab2-9ae5-3e2c187cf8d1 closed.
2025-06-08T08:33:10.723Z [WARN] [RemotePiping]: [Source] PipeTransport b56beea3-3309-498c-abaf-03f2f74088ed (corrId: de24521c-d942-482c-849f-af7aba08eeea) closed.
2025-06-08T08:33:11.465Z [WARN] [RemotePiping]: [Source] PipeConsumer f1f65230-cb16-4eb8-b874-fb0a28338fb5 closed.
2025-06-08T08:33:11.465Z [WARN] [RemotePiping]: [Source] PipeTransport 74b21464-8b4d-46b2-971a-d3c1361f5cda (corrId: 1f007d5b-5cdc-45a2-8685-c32ca87cc57d) closed.
2025-06-08T08:33:11.466Z [WARN] [RemotePiping]: [Source] PipeConsumer 4b3658ee-5892-4762-a311-5e67a42b3289 closed.
2025-06-08T08:33:11.467Z [WARN] [RemotePiping]: [Source] PipeTransport f4fb32d0-8bbb-4a78-ba22-f302ed7b2eed (corrId: 20f51a98-e29b-4895-a862-efe10370bd99) closed.
2025-06-08T08:33:11.780Z [WARN] [RemotePiping]: Could not create RTP observer for router 708b960f-e63b-4ef8-9982-9f80aa07b25e
2025-06-08T08:33:11.867Z [WARN] [RemotePiping]: Could not create RTP observer for router 708b960f-e63b-4ef8-9982-9f80aa07b25e
2025-06-08T08:33:13.107Z [WARN] [RemotePiping]: Could not create RTP observer for router 708b960f-e63b-4ef8-9982-9f80aa07b25e
2025-06-08T08:33:13.178Z [WARN] [RemotePiping]: Could not create RTP observer for router 708b960f-e63b-4ef8-9982-9f80aa07b25e
2025-06-08T08:34:11.290Z [WARN] [RemotePiping]: Could not create RTP observer for router f0106b43-8248-471e-8ec6-556660020e2e
2025-06-08T08:34:11.297Z [WARN] [RemotePiping]: Could not create RTP observer for router f0106b43-8248-471e-8ec6-556660020e2e
2025-06-08T08:34:42.945Z [WARN] [RemotePiping]: Could not create RTP observer for router 45b7eb40-40f6-4f5e-9b58-f178b526bdb9
2025-06-08T08:34:43.172Z [WARN] [RemotePiping]: Could not create RTP observer for router 45b7eb40-40f6-4f5e-9b58-f178b526bdb9
2025-06-08T08:34:43.619Z [WARN] [RemotePiping]: Could not create RTP observer for router d7cabeaa-9fbc-43d8-b985-4e5b90ce43c5
2025-06-08T08:34:43.648Z [WARN] [RemotePiping]: Could not create RTP observer for router d7cabeaa-9fbc-43d8-b985-4e5b90ce43c5
2025-06-08T08:34:48.203Z [WARN] [RemotePiping]: Could not create RTP observer for router d7cabeaa-9fbc-43d8-b985-4e5b90ce43c5
2025-06-08T08:34:48.930Z [WARN] [RemotePiping]: Could not create RTP observer for router d7cabeaa-9fbc-43d8-b985-4e5b90ce43c5
2025-06-08T08:37:40.128Z [WARN] [RemotePiping]: Could not create RTP observer for router a18a0e27-edbb-4e6c-85a2-7c379e3b2d40
2025-06-08T08:37:40.130Z [WARN] [RemotePiping]: Could not create RTP observer for router a18a0e27-edbb-4e6c-85a2-7c379e3b2d40
2025-06-08T08:38:29.528Z [WARN] [RemotePiping]: Could not create RTP observer for router af602b1a-8704-4fde-b4f7-9ea88edb7d2d
2025-06-08T08:38:29.542Z [WARN] [RemotePiping]: Could not create RTP observer for router af602b1a-8704-4fde-b4f7-9ea88edb7d2d
2025-06-08T08:38:33.660Z [WARN] [RemotePiping]: Could not create RTP observer for router 0e46bbc3-3737-443f-9a17-48177d28ccee
2025-06-08T08:38:34.576Z [WARN] [RemotePiping]: Could not create RTP observer for router 0e46bbc3-3737-443f-9a17-48177d28ccee
2025-06-08T08:43:09.352Z [WARN] [RemotePiping]: Could not create RTP observer for router 7e248510-3958-44c3-bf8a-9483fe55d303
2025-06-08T08:43:09.399Z [WARN] [RemotePiping]: Could not create RTP observer for router 7e248510-3958-44c3-bf8a-9483fe55d303
2025-06-08T08:43:11.483Z [WARN] [RemotePiping]: Could not create RTP observer for router 36921362-611b-4b9d-8db8-7a0bb632c2a1
2025-06-08T08:43:12.191Z [WARN] [RemotePiping]: Could not create RTP observer for router 36921362-611b-4b9d-8db8-7a0bb632c2a1
2025-06-08T08:45:10.818Z [WARN] [RemotePiping]: Could not create RTP observer for router 77aa361b-c3a0-40e4-8cc4-403ece2dfe93
2025-06-08T08:45:10.876Z [WARN] [RemotePiping]: Could not create RTP observer for router 77aa361b-c3a0-40e4-8cc4-403ece2dfe93
2025-06-08T08:45:15.932Z [WARN] [RemotePiping]: Could not create RTP observer for router a0ac02ef-ef9b-4551-bd2c-81cc4d8e80c0
2025-06-08T08:45:16.656Z [WARN] [RemotePiping]: Could not create RTP observer for router a0ac02ef-ef9b-4551-bd2c-81cc4d8e80c0
2025-06-08T08:51:16.945Z [WARN] [RemotePiping]: Could not create RTP observer for router 1b9e85c3-973e-4f10-b7a9-f43785ad41ec
2025-06-08T08:51:16.995Z [WARN] [RemotePiping]: Could not create RTP observer for router 1b9e85c3-973e-4f10-b7a9-f43785ad41ec
2025-06-08T08:51:19.532Z [WARN] [RemotePiping]: Could not create RTP observer for router 27133724-52b0-4cff-9827-cf2c8ba86f22
2025-06-08T08:51:20.352Z [WARN] [RemotePiping]: Could not create RTP observer for router 27133724-52b0-4cff-9827-cf2c8ba86f22
2025-06-08T09:36:51.006Z [ERROR] [RemotePiping]: [Source] Pipe request a7ced596-df13-46b8-9132-072cdada02bf timed out after 30000ms.
2025-06-08T09:36:51.007Z [WARN] [RemotePiping]: [Source] Closing PipeTransport 26221338-48d0-4db2-baa0-9f9f67979308 due to timeout for a7ced596-df13-46b8-9132-072cdada02bf.
2025-06-08T09:36:51.008Z [WARN] [RemotePiping]: [Source] PipeTransport 26221338-48d0-4db2-baa0-9f9f67979308 (corrId: a7ced596-df13-46b8-9132-072cdada02bf) closed.
2025-06-08T09:36:51.009Z [ERROR] [RemotePiping]: [Source] Error in pipeToRemoteRouter for corrId a7ced596-df13-46b8-9132-072cdada02bf: Pipe operation timed out for a7ced596-df13-46b8-9132-072cdada02bf after 30000ms
2025-06-08T09:36:51.038Z [ERROR] [RemotePiping]: [Source] Pipe request bea6c93b-e3f9-44e3-ad58-547a2f0d29d7 timed out after 30000ms.
2025-06-08T09:36:51.039Z [WARN] [RemotePiping]: [Source] Closing PipeTransport 896a65b3-431b-4421-aeb7-a5a370de7977 due to timeout for bea6c93b-e3f9-44e3-ad58-547a2f0d29d7.
2025-06-08T09:36:51.040Z [WARN] [RemotePiping]: [Source] PipeTransport 896a65b3-431b-4421-aeb7-a5a370de7977 (corrId: bea6c93b-e3f9-44e3-ad58-547a2f0d29d7) closed.
2025-06-08T09:36:51.040Z [ERROR] [RemotePiping]: [Source] Error in pipeToRemoteRouter for corrId bea6c93b-e3f9-44e3-ad58-547a2f0d29d7: Pipe operation timed out for bea6c93b-e3f9-44e3-ad58-547a2f0d29d7 after 30000ms
2025-06-08T09:40:48.914Z [WARN] [RemotePiping]: Could not create RTP observer for router 5ba9718f-a425-4925-bf78-f8d47573578c
2025-06-08T09:40:48.915Z [WARN] [RemotePiping]: [Source] No pending request found for correlationId: a7ced596-df13-46b8-9132-072cdada02bf
2025-06-08T09:40:48.915Z [WARN] [RemotePiping]: Could not create RTP observer for router 5ba9718f-a425-4925-bf78-f8d47573578c
2025-06-08T09:40:48.915Z [WARN] [RemotePiping]: [Source] No pending request found for correlationId: bea6c93b-e3f9-44e3-ad58-547a2f0d29d7
2025-06-08T09:41:20.127Z [WARN] [RemotePiping]: Could not create RTP observer for router 9d5173a9-f1b0-4c0b-874e-6c53fddc0e60
2025-06-08T09:41:20.163Z [WARN] [RemotePiping]: Could not create RTP observer for router 9d5173a9-f1b0-4c0b-874e-6c53fddc0e60
2025-06-08T09:41:21.954Z [WARN] [RemotePiping]: Could not create RTP observer for router 22a78242-446a-4174-a789-e911eff58225
2025-06-08T09:41:22.928Z [WARN] [RemotePiping]: Could not create RTP observer for router 22a78242-446a-4174-a789-e911eff58225
2025-06-08T09:42:03.713Z [WARN] [RemotePiping]: Could not create RTP observer for router 41ce8a98-60c5-4513-93f1-2e1fde05f1ad
2025-06-08T09:42:03.764Z [WARN] [RemotePiping]: Could not create RTP observer for router 41ce8a98-60c5-4513-93f1-2e1fde05f1ad
2025-06-08T09:42:05.605Z [WARN] [RemotePiping]: Could not create RTP observer for router 3e044438-ea8f-40b3-8d5c-7096a8b8121e
2025-06-08T09:42:06.503Z [WARN] [RemotePiping]: Could not create RTP observer for router 3e044438-ea8f-40b3-8d5c-7096a8b8121e
2025-06-08T09:43:24.010Z [WARN] [RemotePiping]: Could not create RTP observer for router b8ea82be-6199-47c3-90ca-9cf828805af2
2025-06-08T09:43:24.011Z [WARN] [RemotePiping]: Could not create RTP observer for router b8ea82be-6199-47c3-90ca-9cf828805af2
2025-06-08T09:43:24.764Z [WARN] [RemotePiping]: Could not create RTP observer for router 537c6721-f14e-4317-943d-99c93f942e49
2025-06-08T09:43:24.861Z [WARN] [RemotePiping]: Could not create RTP observer for router 537c6721-f14e-4317-943d-99c93f942e49
2025-06-08T10:00:58.117Z [WARN] [RemotePiping]: Could not create RTP observer for router b65a8cd3-5f74-4644-8b2d-861b7b65bc48
2025-06-08T10:00:58.161Z [WARN] [RemotePiping]: Could not create RTP observer for router b65a8cd3-5f74-4644-8b2d-861b7b65bc48
2025-06-08T10:01:00.004Z [WARN] [RemotePiping]: Could not create RTP observer for router c8b1763e-5799-4190-bc6a-f18d9f63abb0
2025-06-08T10:01:00.122Z [WARN] [RemotePiping]: Could not create RTP observer for router c8b1763e-5799-4190-bc6a-f18d9f63abb0
2025-06-08T10:08:17.490Z [WARN] [RemotePiping]: Could not create RTP observer for router 36083395-9d45-4342-9372-8e33a45a42ac
2025-06-08T10:08:17.530Z [WARN] [RemotePiping]: Could not create RTP observer for router 36083395-9d45-4342-9372-8e33a45a42ac
2025-06-08T10:08:20.414Z [WARN] [RemotePiping]: Could not create RTP observer for router c65cd2a9-8f43-4803-b96f-f28bf2b652d4
2025-06-08T10:08:21.092Z [WARN] [RemotePiping]: Could not create RTP observer for router c65cd2a9-8f43-4803-b96f-f28bf2b652d4
2025-06-08T10:11:01.464Z [WARN] [RemotePiping]: Could not create RTP observer for router 72b6f216-becd-44e1-b56c-851508ba492d
2025-06-08T10:11:01.516Z [WARN] [RemotePiping]: Could not create RTP observer for router 72b6f216-becd-44e1-b56c-851508ba492d
2025-06-08T10:11:03.479Z [WARN] [RemotePiping]: Could not create RTP observer for router ddd13baf-5a9f-4764-ad85-c15045818956
2025-06-08T10:11:04.803Z [WARN] [RemotePiping]: Could not create RTP observer for router ddd13baf-5a9f-4764-ad85-c15045818956
2025-06-08T10:36:27.731Z [WARN] [RemotePiping]: Could not create RTP observer for router 06b3757b-2cfd-4f96-aa3e-696d66895fd5
2025-06-08T10:36:27.733Z [WARN] [RemotePiping]: Could not create RTP observer for router 06b3757b-2cfd-4f96-aa3e-696d66895fd5
2025-06-08T10:36:33.094Z [WARN] [RemotePiping]: [Source] PipeConsumer 62f19d2f-8267-4d0c-8ae8-800313f8ccec closed.
2025-06-08T10:36:33.095Z [WARN] [RemotePiping]: [Source] PipeTransport b3729e0c-0a1c-4656-9620-01462fcc8080 (corrId: cbe27898-aa63-45a8-9db1-44efd74313f6) closed.
2025-06-08T10:36:33.096Z [WARN] [RemotePiping]: [Source] PipeConsumer 027e10ba-89cc-4b32-91bc-540a72848f35 closed.
2025-06-08T10:36:33.097Z [WARN] [RemotePiping]: [Source] PipeTransport b3ed7548-a52b-4278-9a9a-520e0486db18 (corrId: d86d1b2f-653c-43b7-a081-1d962949eb10) closed.
2025-06-08T10:36:34.861Z [WARN] [RemotePiping]: Could not create RTP observer for router 06b3757b-2cfd-4f96-aa3e-696d66895fd5
2025-06-08T10:36:35.059Z [WARN] [RemotePiping]: Could not create RTP observer for router 06b3757b-2cfd-4f96-aa3e-696d66895fd5
2025-06-08T10:39:02.349Z [WARN] [RemotePiping]: Could not create RTP observer for router 174a128e-70ab-483e-b208-cfb7e293b3c6
2025-06-08T10:39:02.617Z [WARN] [RemotePiping]: Could not create RTP observer for router 174a128e-70ab-483e-b208-cfb7e293b3c6
2025-06-08T10:39:02.996Z [WARN] [RemotePiping]: Could not create RTP observer for router 7822fbc3-1fb1-4fca-884f-96d809926e1d
2025-06-08T10:39:03.082Z [WARN] [RemotePiping]: Could not create RTP observer for router 7822fbc3-1fb1-4fca-884f-96d809926e1d
2025-06-08T10:47:29.091Z [WARN] [RemotePiping]: Could not create RTP observer for router ed211556-13ff-4bc3-8d02-1dc3173d5993
2025-06-08T10:47:29.094Z [WARN] [RemotePiping]: Could not create RTP observer for router ed211556-13ff-4bc3-8d02-1dc3173d5993
2025-06-08T10:47:30.431Z [WARN] [RemotePiping]: Could not create RTP observer for router 1493ad9c-55c1-4370-acde-156d04057ebc
2025-06-08T10:47:30.523Z [WARN] [RemotePiping]: Could not create RTP observer for router 1493ad9c-55c1-4370-acde-156d04057ebc
2025-06-08T10:48:31.828Z [WARN] [RemotePiping]: Could not create RTP observer for router 84434904-8c5e-4d23-b28b-0bd69ad04327
2025-06-08T10:48:31.849Z [WARN] [RemotePiping]: Could not create RTP observer for router 84434904-8c5e-4d23-b28b-0bd69ad04327
2025-06-08T10:48:34.020Z [WARN] [RemotePiping]: Could not create RTP observer for router e97eec17-a765-4700-ab13-54363bdb2d5d
2025-06-08T10:48:35.097Z [WARN] [RemotePiping]: Could not create RTP observer for router e97eec17-a765-4700-ab13-54363bdb2d5d
2025-06-08T10:54:08.089Z [WARN] [RemotePiping]: Could not create RTP observer for router 1791ada2-f358-4406-8be3-fe535b6ec112
2025-06-08T10:54:08.122Z [WARN] [RemotePiping]: Could not create RTP observer for router 1791ada2-f358-4406-8be3-fe535b6ec112
2025-06-08T10:54:09.487Z [WARN] [RemotePiping]: Could not create RTP observer for router 1f22c39e-6ee9-4aac-8828-131b64db497e
2025-06-08T10:54:10.458Z [WARN] [RemotePiping]: Could not create RTP observer for router 1f22c39e-6ee9-4aac-8828-131b64db497e
2025-06-08T10:55:38.341Z [WARN] [RemotePiping]: Could not create RTP observer for router 80a73757-dba4-4fc9-a9aa-6110743b7408
2025-06-08T10:55:38.449Z [WARN] [RemotePiping]: Could not create RTP observer for router 80a73757-dba4-4fc9-a9aa-6110743b7408
2025-06-08T10:55:40.712Z [WARN] [RemotePiping]: Could not create RTP observer for router 569897b3-e565-4ceb-9232-dde3a03feff0
2025-06-08T10:55:41.809Z [WARN] [RemotePiping]: Could not create RTP observer for router 569897b3-e565-4ceb-9232-dde3a03feff0
2025-06-08T10:58:24.656Z [WARN] [RemotePiping]: Could not create RTP observer for router 724de066-fb6e-4d5d-b209-a7150415cf00
2025-06-08T10:58:24.683Z [WARN] [RemotePiping]: Could not create RTP observer for router 724de066-fb6e-4d5d-b209-a7150415cf00
2025-06-08T10:58:26.729Z [WARN] [RemotePiping]: Could not create RTP observer for router b223503a-f708-4f93-acf0-2c140f5187bc
2025-06-08T10:58:27.830Z [WARN] [RemotePiping]: Could not create RTP observer for router b223503a-f708-4f93-acf0-2c140f5187bc
2025-06-08T13:49:12.264Z [WARN] [RemotePiping]: [Source] PipeConsumer 837df04e-2bc5-48e3-9aab-c4c4b6769d6e closed.
2025-06-08T13:49:12.265Z [WARN] [RemotePiping]: [Source] PipeTransport 671f78fb-2145-4236-83f1-e8cdacde4f43 (corrId: 967babc8-44d4-4f5b-8357-2357f11c6b6c) closed.
2025-06-08T13:49:12.266Z [WARN] [RemotePiping]: [Source] PipeConsumer 22e7ea69-0f7c-4651-87bc-2418a1a247f0 closed.
2025-06-08T13:49:12.266Z [WARN] [RemotePiping]: [Source] PipeTransport 66482d28-d429-4a72-9675-213750b4b3e3 (corrId: 28462570-e9b7-498a-bbd0-23c1be659c72) closed.
2025-06-08T13:49:12.551Z [WARN] [RemotePiping]: [Source] PipeConsumer 7c2f91a5-5605-4393-9113-56993d41948f closed.
2025-06-08T13:49:12.552Z [WARN] [RemotePiping]: [Source] PipeTransport 5514f538-0d2a-4ccd-9b2d-2ff323f8fe3e (corrId: efc27f56-8140-41e9-b148-2ed85b70e67c) closed.
2025-06-08T13:49:12.553Z [WARN] [RemotePiping]: [Source] PipeConsumer 38912430-5c6a-450f-b667-2d4a15bfaec8 closed.
2025-06-08T13:49:12.554Z [WARN] [RemotePiping]: [Source] PipeTransport 71c9cf3d-c8a6-4995-81c3-d4b98fa1d94b (corrId: 238ccd7f-d5cf-4743-a0aa-376af84077f9) closed.
